# JRE version: Java(TM) SE Runtime Environment (14.0.1+7) (build 14.0.1+7)
# Java VM: Java HotSpot(TM) 64-Bit Server VM (14.0.1+7, mixed mode, sharing, tiered, compressed oops, g1 gc, windows-amd64)
Heap:
 garbage-first heap   total 262144K, used 127573K [0x00000000e0000000, 0x0000000100000000)
  region size 1024K, 49 young (50176K), 7 survivors (7168K)
 Metaspace       used 65642K, capacity 67629K, committed 67792K, reserved 313344K
  class space    used 8570K, capacity 9282K, committed 9344K, reserved 253952K
GC Heap History (16 events):
Event: 1.170 GC heap before
{Heap before GC invocations=0 (full 0):
 garbage-first heap   total 262144K, used 28672K [0x00000000e0000000, 0x0000000100000000)
  region size 1024K, 23 young (23552K), 0 survivors (0K)
 Metaspace       used 3442K, capacity 6341K, committed 6400K, reserved 262144K
  class space    used 447K, capacity 731K, committed 768K, reserved 253952K
}
Event: 1.177 GC heap after
{Heap after GC invocations=1 (full 0):
 garbage-first heap   total 262144K, used 9051K [0x00000000e0000000, 0x0000000100000000)
  region size 1024K, 3 young (3072K), 3 survivors (3072K)
 Metaspace       used 3442K, capacity 6341K, committed 6400K, reserved 262144K
  class space    used 447K, capacity 731K, committed 768K, reserved 253952K
}
Event: 1.603 GC heap before
{Heap before GC invocations=1 (full 0):
 garbage-first heap   total 262144K, used 37723K [0x00000000e0000000, 0x0000000100000000)
  region size 1024K, 31 young (31744K), 3 survivors (3072K)
 Metaspace       used 4112K, capacity 6750K, committed 7040K, reserved 262144K
  class space    used 516K, capacity 803K, committed 896K, reserved 253952K
}
Event: 1.606 GC heap after
{Heap after GC invocations=2 (full 0):
 garbage-first heap   total 262144K, used 13049K [0x00000000e0000000, 0x0000000100000000)
  region size 1024K, 4 young (4096K), 4 survivors (4096K)
 Metaspace       used 4112K, capacity 6750K, committed 7040K, reserved 262144K
  class space    used 516K, capacity 803K, committed 896K, reserved 253952K
}
Event: 3.932 GC heap before
{Heap before GC invocations=2 (full 0):
 garbage-first heap   total 262144K, used 167673K [0x00000000e0000000, 0x0000000100000000)
  region size 1024K, 148 young (151552K), 4 survivors (4096K)
 Metaspace       used 20291K, capacity 21140K, committed 21296K, reserved 272384K
  class space    used 3072K, capacity 3366K, committed 3456K, reserved 253952K
}
Event: 3.942 GC heap after
{Heap after GC invocations=3 (full 0):
 garbage-first heap   total 262144K, used 30888K [0x00000000e0000000, 0x0000000100000000)
  region size 1024K, 13 young (13312K), 13 survivors (13312K)
 Metaspace       used 20291K, capacity 21140K, committed 21296K, reserved 272384K
  class space    used 3072K, capacity 3366K, committed 3456K, reserved 253952K
}
Event: 5.541 GC heap before
{Heap before GC invocations=4 (full 0):
 garbage-first heap   total 262144K, used 159912K [0x00000000e0000000, 0x0000000100000000)
  region size 1024K, 132 young (135168K), 13 survivors (13312K)
 Metaspace       used 34717K, capacity 35794K, committed 35920K, reserved 286720K
  class space    used 4717K, capacity 5089K, committed 5120K, reserved 253952K
}
Event: 5.552 GC heap after
{Heap after GC invocations=5 (full 0):
 garbage-first heap   total 262144K, used 44818K [0x00000000e0000000, 0x0000000100000000)
  region size 1024K, 18 young (18432K), 18 survivors (18432K)
 Metaspace       used 34717K, capacity 35794K, committed 35920K, reserved 286720K
  class space    used 4717K, capacity 5089K, committed 5120K, reserved 253952K
}
Event: 7.487 GC heap before
{Heap before GC invocations=6 (full 0):
 garbage-first heap   total 262144K, used 187154K [0x00000000e0000000, 0x0000000100000000)
  region size 1024K, 153 young (156672K), 18 survivors (18432K)
 Metaspace       used 46016K, capacity 47649K, committed 47952K, reserved 296960K
  class space    used 6301K, capacity 6811K, committed 6912K, reserved 253952K
}
Event: 7.505 GC heap after
{Heap after GC invocations=7 (full 0):
 garbage-first heap   total 262144K, used 57873K [0x00000000e0000000, 0x0000000100000000)
  region size 1024K, 18 young (18432K), 18 survivors (18432K)
 Metaspace       used 46016K, capacity 47649K, committed 47952K, reserved 296960K
  class space    used 6301K, capacity 6811K, committed 6912K, reserved 253952K
}
Event: 9.752 GC heap before
{Heap before GC invocations=7 (full 0):
 garbage-first heap   total 262144K, used 204305K [0x00000000e0000000, 0x0000000100000000)
  region size 1024K, 153 young (156672K), 18 survivors (18432K)
 Metaspace       used 57369K, capacity 59155K, committed 59344K, reserved 305152K
  class space    used 7710K, capacity 8299K, committed 8320K, reserved 253952K
}
Event: 9.776 GC heap after
{Heap after GC invocations=8 (full 0):
 garbage-first heap   total 262144K, used 79355K [0x00000000e0000000, 0x0000000100000000)
  region size 1024K, 20 young (20480K), 20 survivors (20480K)
 Metaspace       used 57369K, capacity 59155K, committed 59344K, reserved 305152K
  class space    used 7710K, capacity 8299K, committed 8320K, reserved 253952K
}
Event: 9.993 GC heap before
{Heap before GC invocations=8 (full 0):
 garbage-first heap   total 262144K, used 86523K [0x00000000e0000000, 0x0000000100000000)
  region size 1024K, 28 young (28672K), 20 survivors (20480K)
 Metaspace       used 58226K, capacity 60054K, committed 60240K, reserved 307200K
  class space    used 7831K, capacity 8428K, committed 8448K, reserved 253952K
}
Event: 10.007 GC heap after
{Heap after GC invocations=9 (full 0):
 garbage-first heap   total 262144K, used 81272K [0x00000000e0000000, 0x0000000100000000)
  region size 1024K, 2 young (2048K), 2 survivors (2048K)
 Metaspace       used 58226K, capacity 60054K, committed 60240K, reserved 307200K
  class space    used 7831K, capacity 8428K, committed 8448K, reserved 253952K
}
Event: 16.902 GC heap before
{Heap before GC invocations=10 (full 0):
 garbage-first heap   total 262144K, used 210296K [0x00000000e0000000, 0x0000000100000000)
  region size 1024K, 128 young (131072K), 2 survivors (2048K)
 Metaspace       used 63817K, capacity 65687K, committed 66000K, reserved 311296K
  class space    used 8347K, capacity 8986K, committed 9088K, reserved 253952K
}
Event: 16.909 GC heap after
{Heap after GC invocations=11 (full 0):
 garbage-first heap   total 262144K, used 85589K [0x00000000e0000000, 0x0000000100000000)
  region size 1024K, 7 young (7168K), 7 survivors (7168K)
 Metaspace       used 63817K, capacity 65687K, committed 66000K, reserved 311296K
  class space    used 8347K, capacity 8986K, committed 9088K, reserved 253952K
}

