# JRE version: Java(TM) SE Runtime Environment (14.0.1+7) (build 14.0.1+7)
# Java VM: Java HotSpot(TM) 64-Bit Server VM (14.0.1+7, mixed mode, sharing, tiered, compressed oops, g1 gc, windows-amd64)
Heap:
 garbage-first heap   total 262144K, used 84337K [0x00000000e0000000, 0x0000000100000000)
  region size 1024K, 65 young (66560K), 16 survivors (16384K)
 Metaspace       used 45615K, capacity 47028K, committed 47100K, reserved 294912K
  class space    used 6332K, capacity 6902K, committed 6908K, reserved 253952K
GC Heap History (10 events):
Event: 0.662 GC heap before
{Heap before GC invocations=0 (full 0):
 garbage-first heap   total 262144K, used 28672K [0x00000000e0000000, 0x0000000100000000)
  region size 1024K, 23 young (23552K), 0 survivors (0K)
 Metaspace       used 3420K, capacity 6341K, committed 6400K, reserved 262144K
  class space    used 446K, capacity 731K, committed 768K, reserved 253952K
}
Event: 0.666 GC heap after
{Heap after GC invocations=1 (full 0):
 garbage-first heap   total 262144K, used 8512K [0x00000000e0000000, 0x0000000100000000)
  region size 1024K, 3 young (3072K), 3 survivors (3072K)
 Metaspace       used 3420K, capacity 6341K, committed 6400K, reserved 262144K
  class space    used 446K, capacity 731K, committed 768K, reserved 253952K
}
Event: 0.994 GC heap before
{Heap before GC invocations=1 (full 0):
 garbage-first heap   total 262144K, used 36160K [0x00000000e0000000, 0x0000000100000000)
  region size 1024K, 31 young (31744K), 3 survivors (3072K)
 Metaspace       used 4106K, capacity 6750K, committed 7040K, reserved 262144K
  class space    used 516K, capacity 803K, committed 896K, reserved 253952K
}
Event: 0.998 GC heap after
{Heap after GC invocations=2 (full 0):
 garbage-first heap   total 262144K, used 12102K [0x00000000e0000000, 0x0000000100000000)
  region size 1024K, 4 young (4096K), 4 survivors (4096K)
 Metaspace       used 4106K, capacity 6750K, committed 7040K, reserved 262144K
  class space    used 516K, capacity 803K, committed 896K, reserved 253952K
}
Event: 3.298 GC heap before
{Heap before GC invocations=2 (full 0):
 garbage-first heap   total 262144K, used 154438K [0x00000000e0000000, 0x0000000100000000)
  region size 1024K, 144 young (147456K), 4 survivors (4096K)
 Metaspace       used 20534K, capacity 21213K, committed 21248K, reserved 272384K
  class space    used 3094K, capacity 3311K, committed 3328K, reserved 253952K
}
Event: 3.304 GC heap after
{Heap after GC invocations=3 (full 0):
 garbage-first heap   total 262144K, used 18903K [0x00000000e0000000, 0x0000000100000000)
  region size 1024K, 10 young (10240K), 10 survivors (10240K)
 Metaspace       used 20534K, capacity 21213K, committed 21248K, reserved 272384K
  class space    used 3094K, capacity 3311K, committed 3328K, reserved 253952K
}
Event: 4.853 GC heap before
{Heap before GC invocations=4 (full 0):
 garbage-first heap   total 262144K, used 135639K [0x00000000e0000000, 0x0000000100000000)
  region size 1024K, 122 young (124928K), 10 survivors (10240K)
 Metaspace       used 34978K, capacity 35854K, committed 35964K, reserved 284672K
  class space    used 4845K, capacity 5161K, committed 5244K, reserved 253952K
}
Event: 4.864 GC heap after
{Heap after GC invocations=5 (full 0):
 garbage-first heap   total 262144K, used 25416K [0x00000000e0000000, 0x0000000100000000)
  region size 1024K, 17 young (17408K), 17 survivors (17408K)
 Metaspace       used 34978K, capacity 35854K, committed 35964K, reserved 284672K
  class space    used 4845K, capacity 5161K, committed 5244K, reserved 253952K
}
Event: 7.052 GC heap before
{Heap before GC invocations=6 (full 0):
 garbage-first heap   total 262144K, used 164680K [0x00000000e0000000, 0x0000000100000000)
  region size 1024K, 153 young (156672K), 17 survivors (17408K)
 Metaspace       used 44903K, capacity 46397K, committed 46588K, reserved 294912K
  class space    used 6280K, capacity 6846K, committed 6908K, reserved 253952K
}
Event: 7.073 GC heap after
{Heap after GC invocations=7 (full 0):
 garbage-first heap   total 262144K, used 35185K [0x00000000e0000000, 0x0000000100000000)
  region size 1024K, 16 young (16384K), 16 survivors (16384K)
 Metaspace       used 44903K, capacity 46397K, committed 46588K, reserved 294912K
  class space    used 6280K, capacity 6846K, committed 6908K, reserved 253952K
}

